<?xml version="1.0" encoding="UTF-8"?>
<!-- Generated by org.testng.reporters.JUnitReportReporter -->
<testsuite hostname="DESKTOP-Q10F5S1" failures="0" tests="1" name="autoit.LoginToFacebook" time="9.324" errors="0" timestamp="09 Sep 2018 02:51:41 GMT" skipped="0">
  <testcase classname="autoit.LoginToFacebook" name="loginToFacebook" time="9.324"/>
</testsuite> <!-- autoit.LoginToFacebook -->
