<?xml version="1.0" encoding="UTF-8"?>
<!-- Generated by org.testng.reporters.JUnitReportReporter -->
<testsuite hostname="DESKTOP-Q10F5S1" failures="0" tests="1" name="autoit.LoggerDemo" time="0.008" errors="0" timestamp="09 Sep 2018 15:04:40 GMT" skipped="0">
  <testcase classname="autoit.LoggerDemo" name="loggerDemo" time="0.008"/>
</testsuite> <!-- autoit.LoggerDemo -->
