<?xml version="1.0" encoding="UTF-8"?>
<!-- Generated by org.testng.reporters.JUnitReportReporter -->
<testsuite hostname="DESKTOP-Q10F5S1" failures="0" tests="1" name="autoit.ComposeEmail" time="22.222" errors="0" timestamp="09 Sep 2018 01:42:25 GMT" skipped="0">
  <testcase classname="autoit.ComposeEmail" name="ComposeEmailWithAttachment" time="22.222"/>
</testsuite> <!-- autoit.ComposeEmail -->
